[2025-07-16 13:05:21] app.ERROR: Class "AdminLinkWidgetController" not found in controllers/admin [] []
[2025-07-16 13:05:24] app.INFO: Exporting mail with theme modern for language English (English) [] []
[2025-07-16 13:05:24] app.INFO: Core output folder: C:\xampp\htdocs\prestashop/mails [] []
[2025-07-16 13:05:24] app.INFO: Modules output folder: C:\xampp\htdocs\prestashop/modules/ [] []
[2025-07-16 13:05:28] app.INFO: Exporting mail with theme modern for language English GB (English) [] []
[2025-07-16 13:05:28] app.INFO: Core output folder: C:\xampp\htdocs\prestashop/mails [] []
[2025-07-16 13:05:28] app.INFO: Modules output folder: C:\xampp\htdocs\prestashop/modules/ [] []
[2025-07-16 13:30:58] request.INFO: Matched route "admin_module_manage". {"route":"admin_module_manage","route_parameters":{"category":null,"keyword":null,"_controller":"PrestaShopBundle\\Controller\\Admin\\Improve\\ModuleController::manageAction","_legacy_controller":"AdminModulesManage","_legacy_link":["AdminModulesManage","AdminModulesSf"],"_route":"admin_module_manage"},"request_uri":"http://localhost/prestashop/admin771u5sghr/index.php/improve/modules/manage?_token=HQFDeMdoS5pMC2F1okqp05x4TDt1vSfZFIs-AgwIbL4","method":"GET"} []
[2025-07-16 13:30:58] security.DEBUG: Read existing security token from the session. {"key":"_security_main","token_class":"Symfony\\Component\\Security\\Core\\Authentication\\Token\\UsernamePasswordToken"} []
[2025-07-16 13:30:58] security.DEBUG: User was reloaded from a user provider. {"provider":"PrestaShopBundle\\Security\\Admin\\EmployeeProvider","username":"iyedghodhbane@gmail.com"} []
[2025-07-16 13:30:59] app.ERROR: Data from PrestaShop Addons is invalid, and cannot fallback on cache.  {"exception":"cURL error 6: Could not resolve host: api-addons.prestashop.com"} []
[2025-07-16 13:31:23] security.DEBUG: Stored the security token in the session. {"key":"_security_main"} []
[2025-07-16 13:31:25] request.INFO: Matched route "admin_module_notification_count". {"route":"admin_module_notification_count","route_parameters":{"_controller":"PrestaShopBundle\\Controller\\Admin\\Improve\\Modules\\AlertsController::notificationsCountAction","_legacy_controller":"AdminModulesNotifications","_legacy_link":"AdminModulesNotifications:count","_route":"admin_module_notification_count"},"request_uri":"http://localhost/prestashop/admin771u5sghr/index.php/improve/modules/alerts/count?_token=HQFDeMdoS5pMC2F1okqp05x4TDt1vSfZFIs-AgwIbL4","method":"GET"} []
[2025-07-16 13:31:25] security.DEBUG: Read existing security token from the session. {"key":"_security_main","token_class":"Symfony\\Component\\Security\\Core\\Authentication\\Token\\UsernamePasswordToken"} []
[2025-07-16 13:31:25] security.DEBUG: User was reloaded from a user provider. {"provider":"PrestaShopBundle\\Security\\Admin\\EmployeeProvider","username":"iyedghodhbane@gmail.com"} []
[2025-07-16 13:31:26] app.ERROR: Data from PrestaShop Addons is invalid, and cannot fallback on cache.  {"exception":"cURL error 6: Could not resolve host: api-addons.prestashop.com"} []
[2025-07-16 13:31:29] security.DEBUG: Stored the security token in the session. {"key":"_security_main"} []
[2025-07-16 13:31:35] request.INFO: Matched route "admin_module_manage". {"route":"admin_module_manage","route_parameters":{"category":null,"keyword":null,"_controller":"PrestaShopBundle\\Controller\\Admin\\Improve\\ModuleController::manageAction","_legacy_controller":"AdminModulesManage","_legacy_link":["AdminModulesManage","AdminModulesSf"],"_route":"admin_module_manage"},"request_uri":"http://localhost/prestashop/admin771u5sghr/index.php/improve/modules/manage?_token=HQFDeMdoS5pMC2F1okqp05x4TDt1vSfZFIs-AgwIbL4","method":"GET"} []
[2025-07-16 13:31:35] security.DEBUG: Read existing security token from the session. {"key":"_security_main","token_class":"Symfony\\Component\\Security\\Core\\Authentication\\Token\\UsernamePasswordToken"} []
[2025-07-16 13:31:35] security.DEBUG: User was reloaded from a user provider. {"provider":"PrestaShopBundle\\Security\\Admin\\EmployeeProvider","username":"iyedghodhbane@gmail.com"} []
[2025-07-16 13:31:36] app.ERROR: Data from PrestaShop Addons is invalid, and cannot fallback on cache.  {"exception":"cURL error 6: Could not resolve host: api-addons.prestashop.com"} []
[2025-07-16 13:31:37] security.DEBUG: Stored the security token in the session. {"key":"_security_main"} []
[2025-07-16 13:31:38] request.INFO: Matched route "admin_module_notification_count". {"route":"admin_module_notification_count","route_parameters":{"_controller":"PrestaShopBundle\\Controller\\Admin\\Improve\\Modules\\AlertsController::notificationsCountAction","_legacy_controller":"AdminModulesNotifications","_legacy_link":"AdminModulesNotifications:count","_route":"admin_module_notification_count"},"request_uri":"http://localhost/prestashop/admin771u5sghr/index.php/improve/modules/alerts/count?_token=HQFDeMdoS5pMC2F1okqp05x4TDt1vSfZFIs-AgwIbL4","method":"GET"} []
[2025-07-16 13:31:39] security.DEBUG: Read existing security token from the session. {"key":"_security_main","token_class":"Symfony\\Component\\Security\\Core\\Authentication\\Token\\UsernamePasswordToken"} []
[2025-07-16 13:31:39] security.DEBUG: User was reloaded from a user provider. {"provider":"PrestaShopBundle\\Security\\Admin\\EmployeeProvider","username":"iyedghodhbane@gmail.com"} []
[2025-07-16 13:31:39] app.ERROR: Data from PrestaShop Addons is invalid, and cannot fallback on cache.  {"exception":"cURL error 6: Could not resolve host: api-addons.prestashop.com"} []
[2025-07-16 13:31:40] security.DEBUG: Stored the security token in the session. {"key":"_security_main"} []
[2025-07-16 13:47:38] request.INFO: Matched route "admin_module_manage". {"route":"admin_module_manage","route_parameters":{"category":null,"keyword":null,"_controller":"PrestaShopBundle\\Controller\\Admin\\Improve\\ModuleController::manageAction","_legacy_controller":"AdminModulesManage","_legacy_link":["AdminModulesManage","AdminModulesSf"],"_route":"admin_module_manage"},"request_uri":"http://localhost/prestashop/admin771u5sghr/index.php/improve/modules/manage?_token=HQFDeMdoS5pMC2F1okqp05x4TDt1vSfZFIs-AgwIbL4","method":"GET"} []
[2025-07-16 13:47:38] security.DEBUG: Read existing security token from the session. {"key":"_security_main","token_class":"Symfony\\Component\\Security\\Core\\Authentication\\Token\\UsernamePasswordToken"} []
[2025-07-16 13:47:38] security.DEBUG: User was reloaded from a user provider. {"provider":"PrestaShopBundle\\Security\\Admin\\EmployeeProvider","username":"iyedghodhbane@gmail.com"} []
[2025-07-16 13:47:38] app.ERROR: Data from PrestaShop Addons is invalid, and cannot fallback on cache.  {"exception":"cURL error 6: Could not resolve host: api-addons.prestashop.com"} []
[2025-07-16 13:47:39] security.DEBUG: Stored the security token in the session. {"key":"_security_main"} []
[2025-07-16 13:47:41] request.INFO: Matched route "admin_module_notification_count". {"route":"admin_module_notification_count","route_parameters":{"_controller":"PrestaShopBundle\\Controller\\Admin\\Improve\\Modules\\AlertsController::notificationsCountAction","_legacy_controller":"AdminModulesNotifications","_legacy_link":"AdminModulesNotifications:count","_route":"admin_module_notification_count"},"request_uri":"http://localhost/prestashop/admin771u5sghr/index.php/improve/modules/alerts/count?_token=HQFDeMdoS5pMC2F1okqp05x4TDt1vSfZFIs-AgwIbL4","method":"GET"} []
[2025-07-16 13:47:42] security.DEBUG: Read existing security token from the session. {"key":"_security_main","token_class":"Symfony\\Component\\Security\\Core\\Authentication\\Token\\UsernamePasswordToken"} []
[2025-07-16 13:47:42] security.DEBUG: User was reloaded from a user provider. {"provider":"PrestaShopBundle\\Security\\Admin\\EmployeeProvider","username":"iyedghodhbane@gmail.com"} []
[2025-07-16 13:47:42] app.ERROR: Data from PrestaShop Addons is invalid, and cannot fallback on cache.  {"exception":"cURL error 6: Could not resolve host: api-addons.prestashop.com"} []
[2025-07-16 13:47:42] security.DEBUG: Stored the security token in the session. {"key":"_security_main"} []
[2025-07-16 13:47:49] request.INFO: Matched route "admin_module_manage". {"route":"admin_module_manage","route_parameters":{"category":null,"keyword":null,"_controller":"PrestaShopBundle\\Controller\\Admin\\Improve\\ModuleController::manageAction","_legacy_controller":"AdminModulesManage","_legacy_link":["AdminModulesManage","AdminModulesSf"],"_route":"admin_module_manage"},"request_uri":"http://localhost/prestashop/admin771u5sghr/index.php/improve/modules/manage?_token=HQFDeMdoS5pMC2F1okqp05x4TDt1vSfZFIs-AgwIbL4","method":"GET"} []
[2025-07-16 13:47:49] security.DEBUG: Read existing security token from the session. {"key":"_security_main","token_class":"Symfony\\Component\\Security\\Core\\Authentication\\Token\\UsernamePasswordToken"} []
[2025-07-16 13:47:49] security.DEBUG: User was reloaded from a user provider. {"provider":"PrestaShopBundle\\Security\\Admin\\EmployeeProvider","username":"iyedghodhbane@gmail.com"} []
[2025-07-16 13:47:49] app.ERROR: Data from PrestaShop Addons is invalid, and cannot fallback on cache.  {"exception":"cURL error 6: Could not resolve host: api-addons.prestashop.com"} []
[2025-07-16 13:47:50] security.DEBUG: Stored the security token in the session. {"key":"_security_main"} []
[2025-07-16 13:47:51] request.INFO: Matched route "admin_module_notification_count". {"route":"admin_module_notification_count","route_parameters":{"_controller":"PrestaShopBundle\\Controller\\Admin\\Improve\\Modules\\AlertsController::notificationsCountAction","_legacy_controller":"AdminModulesNotifications","_legacy_link":"AdminModulesNotifications:count","_route":"admin_module_notification_count"},"request_uri":"http://localhost/prestashop/admin771u5sghr/index.php/improve/modules/alerts/count?_token=HQFDeMdoS5pMC2F1okqp05x4TDt1vSfZFIs-AgwIbL4","method":"GET"} []
[2025-07-16 13:47:51] security.DEBUG: Read existing security token from the session. {"key":"_security_main","token_class":"Symfony\\Component\\Security\\Core\\Authentication\\Token\\UsernamePasswordToken"} []
[2025-07-16 13:47:51] security.DEBUG: User was reloaded from a user provider. {"provider":"PrestaShopBundle\\Security\\Admin\\EmployeeProvider","username":"iyedghodhbane@gmail.com"} []
[2025-07-16 13:47:52] app.ERROR: Data from PrestaShop Addons is invalid, and cannot fallback on cache.  {"exception":"cURL error 6: Could not resolve host: api-addons.prestashop.com"} []
[2025-07-16 13:47:52] security.DEBUG: Stored the security token in the session. {"key":"_security_main"} []
[2025-07-16 13:55:24] request.INFO: Matched route "admin_module_manage". {"route":"admin_module_manage","route_parameters":{"category":null,"keyword":null,"_controller":"PrestaShopBundle\\Controller\\Admin\\Improve\\ModuleController::manageAction","_legacy_controller":"AdminModulesManage","_legacy_link":["AdminModulesManage","AdminModulesSf"],"_route":"admin_module_manage"},"request_uri":"http://localhost/prestashop/admin771u5sghr/index.php/improve/modules/manage?_token=HQFDeMdoS5pMC2F1okqp05x4TDt1vSfZFIs-AgwIbL4","method":"GET"} []
[2025-07-16 13:55:25] security.DEBUG: Read existing security token from the session. {"key":"_security_main","token_class":"Symfony\\Component\\Security\\Core\\Authentication\\Token\\UsernamePasswordToken"} []
[2025-07-16 13:55:25] security.DEBUG: User was reloaded from a user provider. {"provider":"PrestaShopBundle\\Security\\Admin\\EmployeeProvider","username":"iyedghodhbane@gmail.com"} []
[2025-07-16 13:55:26] app.ERROR: Data from PrestaShop Addons is invalid, and cannot fallback on cache.  {"exception":"cURL error 6: Could not resolve host: api-addons.prestashop.com"} []
[2025-07-16 13:55:31] security.DEBUG: Stored the security token in the session. {"key":"_security_main"} []
[2025-07-16 13:55:32] request.INFO: Matched route "admin_module_notification_count". {"route":"admin_module_notification_count","route_parameters":{"_controller":"PrestaShopBundle\\Controller\\Admin\\Improve\\Modules\\AlertsController::notificationsCountAction","_legacy_controller":"AdminModulesNotifications","_legacy_link":"AdminModulesNotifications:count","_route":"admin_module_notification_count"},"request_uri":"http://localhost/prestashop/admin771u5sghr/index.php/improve/modules/alerts/count?_token=HQFDeMdoS5pMC2F1okqp05x4TDt1vSfZFIs-AgwIbL4","method":"GET"} []
[2025-07-16 13:55:33] security.DEBUG: Read existing security token from the session. {"key":"_security_main","token_class":"Symfony\\Component\\Security\\Core\\Authentication\\Token\\UsernamePasswordToken"} []
[2025-07-16 13:55:33] security.DEBUG: User was reloaded from a user provider. {"provider":"PrestaShopBundle\\Security\\Admin\\EmployeeProvider","username":"iyedghodhbane@gmail.com"} []
[2025-07-16 13:55:33] app.ERROR: Data from PrestaShop Addons is invalid, and cannot fallback on cache.  {"exception":"cURL error 6: Could not resolve host: api-addons.prestashop.com"} []
[2025-07-16 13:55:37] security.DEBUG: Stored the security token in the session. {"key":"_security_main"} []
[2025-07-16 15:50:21] request.CRITICAL: Uncaught PHP Exception Symfony\Component\Filesystem\Exception\IOException: "Cannot rename "C:\xampp\htdocs\prestashop\var\cache\prod\app9922.tmp" to "C:\xampp\htdocs\prestashop\var\cache\prod/appProdProjectContainerUrlMatcher.php.meta"." at C:\xampp\htdocs\prestashop\vendor\symfony\symfony\src\Symfony\Component\Filesystem\Filesystem.php line 289 {"exception":"[object] (Symfony\\Component\\Filesystem\\Exception\\IOException(code: 0): Cannot rename \"C:\\xampp\\htdocs\\prestashop\\var\\cache\\prod\\app9922.tmp\" to \"C:\\xampp\\htdocs\\prestashop\\var\\cache\\prod/appProdProjectContainerUrlMatcher.php.meta\". at C:\\xampp\\htdocs\\prestashop\\vendor\\symfony\\symfony\\src\\Symfony\\Component\\Filesystem\\Filesystem.php:289)"} []
